<?xml version="1.0" encoding="UTF-8"?>
<!-- Generated by org.testng.reporters.JUnitReportReporter -->
<testsuite hostname="IN-2CHYZD3" failures="0" tests="1" name="Parent_Package.Parent" time="19.465" errors="0" timestamp="2022-11-06T19:15:30 IST" skipped="0">
  <testcase classname="Parent_Package.Parent" name="Setup" time="19.465"/>
  <system-out/>
</testsuite> <!-- Parent_Package.Parent -->
