<?xml version="1.0" encoding="UTF-8"?>
<!-- Generated by org.testng.reporters.JUnitReportReporter -->
<testsuite hostname="IN-2CHYZD3" failures="0" tests="3" name="Pages.Page3" time="24.817" errors="0" timestamp="2022-11-07T09:43:36 IST" skipped="0">
  <testcase classname="Pages.Page3" name="Permissions" time="2.823"/>
  <system-out/>
  <testcase classname="Pages.Page3" name="ApiDemos" time="11.501"/>
  <system-out/>
  <testcase classname="Pages.Page3" name="Media" time="10.493"/>
  <system-out/>
</testsuite> <!-- Pages.Page3 -->
