<?xml version="1.0" encoding="UTF-8"?>
<!-- Generated by org.testng.reporters.JUnitReportReporter -->
<testsuite hostname="IN-2CHYZD3" failures="0" tests="1" name="Pages.Page1" time="2.819" errors="0" timestamp="2022-11-07T09:32:47 IST" skipped="0">
  <testcase classname="Pages.Page1" name="Permissions" time="2.819"/>
  <system-out/>
</testsuite> <!-- Pages.Page1 -->
