<?xml version="1.0" encoding="UTF-8"?>
<!-- Generated by org.testng.reporters.JUnitReportReporter -->
<testsuite hostname="IN-2CHYZD3" failures="0" tests="5" name="Pages.Page6" time="53.746" errors="0" timestamp="2022-11-07T09:58:21 IST" skipped="0">
  <testcase classname="Pages.Page6" name="Permissions" time="2.707"/>
  <system-out/>
  <testcase classname="Pages.Page6" name="ApiDemos" time="14.069"/>
  <system-out/>
  <testcase classname="Pages.Page6" name="Media" time="15.487"/>
  <system-out/>
  <testcase classname="Pages.Page6" name="App" time="16.016"/>
  <system-out/>
  <testcase classname="Pages.Page6" name="Assescibility" time="5.467"/>
  <system-out/>
</testsuite> <!-- Pages.Page6 -->
