<?xml version="1.0" encoding="UTF-8"?>
<!-- Generated by org.testng.reporters.JUnitReportReporter -->
<testsuite hostname="IN-2CHYZD3" failures="0" tests="2" name="Pages.Page2" time="15.099" errors="0" timestamp="2022-11-07T09:33:32 IST" skipped="0">
  <testcase classname="Pages.Page2" name="Permissions" time="2.908"/>
  <system-out/>
  <testcase classname="Pages.Page2" name="ApiDemos" time="12.191"/>
  <system-out/>
</testsuite> <!-- Pages.Page2 -->
