<?xml version="1.0" encoding="UTF-8"?>
<!-- Generated by org.testng.reporters.JUnitReportReporter -->
<testsuite hostname="IN-2CHYZD3" failures="0" tests="4" name="Pages.Page4" time="38.718" errors="0" timestamp="2022-11-07T09:49:39 IST" skipped="0">
  <testcase classname="Pages.Page4" name="Permissions" time="3.227"/>
  <system-out/>
  <testcase classname="Pages.Page4" name="ApiDemos" time="11.643"/>
  <system-out/>
  <testcase classname="Pages.Page4" name="Media" time="15.349"/>
  <system-out/>
  <testcase classname="Pages.Page4" name="Graphics" time="8.499"/>
  <system-out/>
</testsuite> <!-- Pages.Page4 -->
